1605355646221	geckodriver	INFO	Listening on 127.0.0.1:62875
1605355649239	mozrunner::runner	INFO	Running command: "C:\\Program Files\\Mozilla Firefox\\firefox.exe" "--marionette" "-foreground" "-no-remote" "-profile" "C:\\Users\\sam\\AppData\\Local\\Temp\\rust_mozprofileIkhfuh"
Can't find symbol 'eglSwapBuffersWithDamageEXT'.
JavaScript error: resource://gre/modules/XULStore.jsm, line 66: Error: Can't find profile directory.
console.warn: SearchSettings: "get: No settings file exists, new profile?" (new Error("", "(unknown module)"))
1605355650903	Marionette	INFO	Listening on port 62888
1605355651287	Marionette	WARN	TLS certificate errors will be ignored for this session
1605355676994	Marionette	INFO	Stopped listening on port 62888

###!!! [Child][RunMessage] Error: Channel closing: too late to send/recv, messages will be lost


###!!! [Child][MessageChannel::SendAndWait] Error: Channel error: cannot send/recv

1605355678105	geckodriver	INFO	Listening on 127.0.0.1:62923
1605355681127	mozrunner::runner	INFO	Running command: "C:\\Program Files\\Mozilla Firefox\\firefox.exe" "--marionette" "-foreground" "-no-remote" "-profile" "C:\\Users\\sam\\AppData\\Local\\Temp\\rust_mozprofile4PnCZR"
Can't find symbol 'eglSwapBuffersWithDamageEXT'.
JavaScript error: resource://gre/modules/XULStore.jsm, line 66: Error: Can't find profile directory.
console.warn: SearchSettings: "get: No settings file exists, new profile?" (new Error("", "(unknown module)"))
1605355682664	Marionette	INFO	Listening on port 62932
1605355683191	Marionette	WARN	TLS certificate errors will be ignored for this session
1605355705781	Marionette	INFO	Stopped listening on port 62932

###!!! [Child][RunMessage] Error: Channel closing: too late to send/recv, messages will be lost


###!!! [Child][MessageChannel::SendAndWait] Error: Channel error: cannot send/recv

1605357039947	geckodriver	INFO	Listening on 127.0.0.1:63325
1605357042973	mozrunner::runner	INFO	Running command: "C:\\Program Files\\Mozilla Firefox\\firefox.exe" "--marionette" "-foreground" "-no-remote" "-profile" "C:\\Users\\sam\\AppData\\Local\\Temp\\rust_mozprofilec3VsIx"
Can't find symbol 'eglSwapBuffersWithDamageEXT'.
JavaScript error: resource://gre/modules/XULStore.jsm, line 66: Error: Can't find profile directory.
console.warn: SearchSettings: "get: No settings file exists, new profile?" (new Error("", "(unknown module)"))
1605357044512	Marionette	INFO	Listening on port 63337
1605357044532	Marionette	WARN	TLS certificate errors will be ignored for this session
1605357050198	Marionette	INFO	Stopped listening on port 63337

###!!! [Child][RunMessage] Error: Channel closing: too late to send/recv, messages will be lost


###!!! [Child][MessageChannel::SendAndWait] Error: Channel error: cannot send/recv

1605359372167	geckodriver	INFO	Listening on 127.0.0.1:64367
1605359375196	mozrunner::runner	INFO	Running command: "C:\\Program Files\\Mozilla Firefox\\firefox.exe" "--marionette" "-foreground" "-no-remote" "-profile" "C:\\Users\\sam\\AppData\\Local\\Temp\\rust_mozprofilebF1BwC"
Can't find symbol 'eglSwapBuffersWithDamageEXT'.
JavaScript error: resource://gre/modules/XULStore.jsm, line 66: Error: Can't find profile directory.
console.warn: SearchSettings: "get: No settings file exists, new profile?" (new Error("", "(unknown module)"))
1605359376962	Marionette	INFO	Listening on port 64376
1605359377263	Marionette	WARN	TLS certificate errors will be ignored for this session
1605359378916	Marionette	INFO	Stopped listening on port 64376

###!!! [Child][RunMessage] Error: Channel closing: too late to send/recv, messages will be lost


###!!! [Child][MessageChannel::SendAndWait] Error: Channel error: cannot send/recv

1605359700719	geckodriver	INFO	Listening on 127.0.0.1:64728
1605359703753	mozrunner::runner	INFO	Running command: "C:\\Program Files\\Mozilla Firefox\\firefox.exe" "--marionette" "-foreground" "-no-remote" "-profile" "C:\\Users\\sam\\AppData\\Local\\Temp\\rust_mozprofile2ShBRB"
Can't find symbol 'eglSwapBuffersWithDamageEXT'.
JavaScript error: resource://gre/modules/XULStore.jsm, line 66: Error: Can't find profile directory.
console.warn: SearchSettings: "get: No settings file exists, new profile?" (new Error("", "(unknown module)"))
1605359705448	Marionette	INFO	Listening on port 64737
1605359705818	Marionette	WARN	TLS certificate errors will be ignored for this session
1605359709339	Marionette	INFO	Stopped listening on port 64737

###!!! [Child][RunMessage] Error: Channel closing: too late to send/recv, messages will be lost


###!!! [Child][MessageChannel::SendAndWait] Error: Channel error: cannot send/recv

1605359723927	geckodriver	INFO	Listening on 127.0.0.1:64791
1605359726961	mozrunner::runner	INFO	Running command: "C:\\Program Files\\Mozilla Firefox\\firefox.exe" "--marionette" "-foreground" "-no-remote" "-profile" "C:\\Users\\sam\\AppData\\Local\\Temp\\rust_mozprofilevKq3TL"
Can't find symbol 'eglSwapBuffersWithDamageEXT'.
JavaScript error: resource://gre/modules/XULStore.jsm, line 66: Error: Can't find profile directory.
console.warn: SearchSettings: "get: No settings file exists, new profile?" (new Error("", "(unknown module)"))
1605359728738	Marionette	INFO	Listening on port 64801
1605359729071	Marionette	WARN	TLS certificate errors will be ignored for this session
1605359731686	Marionette	INFO	Stopped listening on port 64801

###!!! [Child][RunMessage] Error: Channel closing: too late to send/recv, messages will be lost


###!!! [Child][MessageChannel::SendAndWait] Error: Channel error: cannot send/recv

1605359876027	geckodriver	INFO	Listening on 127.0.0.1:64939
1605359879070	mozrunner::runner	INFO	Running command: "C:\\Program Files\\Mozilla Firefox\\firefox.exe" "--marionette" "-foreground" "-no-remote" "-profile" "C:\\Users\\sam\\AppData\\Local\\Temp\\rust_mozprofile9heFGx"
Can't find symbol 'eglSwapBuffersWithDamageEXT'.
JavaScript error: resource://gre/modules/XULStore.jsm, line 66: Error: Can't find profile directory.
console.warn: SearchSettings: "get: No settings file exists, new profile?" (new Error("", "(unknown module)"))
1605359880655	Marionette	INFO	Listening on port 64949
1605359881135	Marionette	WARN	TLS certificate errors will be ignored for this session
[Parent 23600, Gecko_IOThread] WARNING: file /builds/worker/checkouts/gecko/ipc/chromium/src/base/process_util_win.cc, line 166
1605359887945	Marionette	INFO	Stopped listening on port 64949

###!!! [Child][MessageChannel::SendAndWait] Error: Channel error: cannot send/recv

1605360166878	geckodriver	INFO	Listening on 127.0.0.1:49281
1605360169922	mozrunner::runner	INFO	Running command: "C:\\Program Files\\Mozilla Firefox\\firefox.exe" "--marionette" "-foreground" "-no-remote" "-profile" "C:\\Users\\sam\\AppData\\Local\\Temp\\rust_mozprofile2KXkdC"
Can't find symbol 'eglSwapBuffersWithDamageEXT'.
JavaScript error: resource://gre/modules/XULStore.jsm, line 66: Error: Can't find profile directory.
console.warn: SearchSettings: "get: No settings file exists, new profile?" (new Error("", "(unknown module)"))
1605360171728	Marionette	INFO	Listening on port 49292
1605360171977	Marionette	WARN	TLS certificate errors will be ignored for this session
1605360181642	Marionette	INFO	Stopped listening on port 49292

###!!! [Child][RunMessage] Error: Channel closing: too late to send/recv, messages will be lost


###!!! [Child][MessageChannel::SendAndWait] Error: Channel error: cannot send/recv

1605360228112	geckodriver	INFO	Listening on 127.0.0.1:49377
1605360231140	mozrunner::runner	INFO	Running command: "C:\\Program Files\\Mozilla Firefox\\firefox.exe" "--marionette" "-foreground" "-no-remote" "-profile" "C:\\Users\\sam\\AppData\\Local\\Temp\\rust_mozprofileyOuKoU"
Can't find symbol 'eglSwapBuffersWithDamageEXT'.
JavaScript error: resource://gre/modules/XULStore.jsm, line 66: Error: Can't find profile directory.
console.warn: SearchSettings: "get: No settings file exists, new profile?" (new Error("", "(unknown module)"))
1605360232773	Marionette	INFO	Listening on port 49387
1605360233194	Marionette	WARN	TLS certificate errors will be ignored for this session
1605360256619	Marionette	INFO	Stopped listening on port 49387

###!!! [Child][RunMessage] Error: Channel closing: too late to send/recv, messages will be lost


###!!! [Child][MessageChannel::SendAndWait] Error: Channel error: cannot send/recv

1605360311497	geckodriver	INFO	Listening on 127.0.0.1:49493
1605360314519	mozrunner::runner	INFO	Running command: "C:\\Program Files\\Mozilla Firefox\\firefox.exe" "--marionette" "-foreground" "-no-remote" "-profile" "C:\\Users\\sam\\AppData\\Local\\Temp\\rust_mozprofileJiJQR8"
Can't find symbol 'eglSwapBuffersWithDamageEXT'.
JavaScript error: resource://gre/modules/XULStore.jsm, line 66: Error: Can't find profile directory.
console.warn: SearchSettings: "get: No settings file exists, new profile?" (new Error("", "(unknown module)"))
1605360316114	Marionette	INFO	Listening on port 49502
1605360316584	Marionette	WARN	TLS certificate errors will be ignored for this session
1605360346369	Marionette	INFO	Stopped listening on port 49502

###!!! [Child][RunMessage] Error: Channel closing: too late to send/recv, messages will be lost


###!!! [Child][MessageChannel::SendAndWait] Error: Channel error: cannot send/recv

1605360439069	geckodriver	INFO	Listening on 127.0.0.1:49632
1605360442095	mozrunner::runner	INFO	Running command: "C:\\Program Files\\Mozilla Firefox\\firefox.exe" "--marionette" "-foreground" "-no-remote" "-profile" "C:\\Users\\sam\\AppData\\Local\\Temp\\rust_mozprofileiMF3og"
Can't find symbol 'eglSwapBuffersWithDamageEXT'.
JavaScript error: resource://gre/modules/XULStore.jsm, line 66: Error: Can't find profile directory.
console.warn: SearchSettings: "get: No settings file exists, new profile?" (new Error("", "(unknown module)"))
1605360443923	Marionette	INFO	Listening on port 49643
1605360444151	Marionette	WARN	TLS certificate errors will be ignored for this session
1605360513287	Marionette	INFO	Stopped listening on port 49643

###!!! [Child][RunMessage] Error: Channel closing: too late to send/recv, messages will be lost


###!!! [Child][MessageChannel::SendAndWait] Error: Channel error: cannot send/recv

1605360952542	geckodriver	INFO	Listening on 127.0.0.1:50086
1605360955576	mozrunner::runner	INFO	Running command: "C:\\Program Files\\Mozilla Firefox\\firefox.exe" "--marionette" "-foreground" "-no-remote" "-profile" "C:\\Users\\sam\\AppData\\Local\\Temp\\rust_mozprofileiPVTQV"
Can't find symbol 'eglSwapBuffersWithDamageEXT'.
JavaScript error: resource://gre/modules/XULStore.jsm, line 66: Error: Can't find profile directory.
console.warn: SearchSettings: "get: No settings file exists, new profile?" (new Error("", "(unknown module)"))
1605360957413	Marionette	INFO	Listening on port 50096
1605360957647	Marionette	WARN	TLS certificate errors will be ignored for this session
JavaScript error: resource://gre/modules/URIFixup.jsm, line 271: NS_ERROR_FAILURE: Should pass a non-null uri
1605361026911	Marionette	INFO	Stopped listening on port 50096

###!!! [Child][RunMessage] Error: Channel closing: too late to send/recv, messages will be lost


###!!! [Child][MessageChannel::SendAndWait] Error: Channel error: cannot send/recv

1605361183593	geckodriver	INFO	Listening on 127.0.0.1:50300
1605361186632	mozrunner::runner	INFO	Running command: "C:\\Program Files\\Mozilla Firefox\\firefox.exe" "--marionette" "-foreground" "-no-remote" "-profile" "C:\\Users\\sam\\AppData\\Local\\Temp\\rust_mozprofile76pulb"
Can't find symbol 'eglSwapBuffersWithDamageEXT'.
JavaScript error: resource://gre/modules/XULStore.jsm, line 66: Error: Can't find profile directory.
console.warn: SearchSettings: "get: No settings file exists, new profile?" (new Error("", "(unknown module)"))
1605361188348	Marionette	INFO	Listening on port 50309
1605361188695	Marionette	WARN	TLS certificate errors will be ignored for this session
1605361257790	Marionette	INFO	Stopped listening on port 50309

###!!! [Child][RunMessage] Error: Channel closing: too late to send/recv, messages will be lost


###!!! [Child][MessageChannel::SendAndWait] Error: Channel error: cannot send/recv

1605362569548	geckodriver	INFO	Listening on 127.0.0.1:51564
1605362572608	mozrunner::runner	INFO	Running command: "C:\\Program Files\\Mozilla Firefox\\firefox.exe" "--marionette" "-foreground" "-no-remote" "-profile" "C:\\Users\\sam\\AppData\\Local\\Temp\\rust_mozprofilehAs7sY"
Can't find symbol 'eglSwapBuffersWithDamageEXT'.
JavaScript error: resource://gre/modules/XULStore.jsm, line 66: Error: Can't find profile directory.
console.warn: SearchSettings: "get: No settings file exists, new profile?" (new Error("", "(unknown module)"))
1605362574384	Marionette	INFO	Listening on port 51575
1605362574674	Marionette	WARN	TLS certificate errors will be ignored for this session
1605362598653	Marionette	INFO	Stopped listening on port 51575

###!!! [Child][RunMessage] Error: Channel closing: too late to send/recv, messages will be lost


###!!! [Child][MessageChannel::SendAndWait] Error: Channel error: cannot send/recv

1605362696873	geckodriver	INFO	Listening on 127.0.0.1:51684
1605362718182	geckodriver	INFO	Listening on 127.0.0.1:51702
1605362721204	mozrunner::runner	INFO	Running command: "C:\\Program Files\\Mozilla Firefox\\firefox.exe" "--marionette" "-foreground" "-no-remote" "-profile" "C:\\Users\\sam\\AppData\\Local\\Temp\\rust_mozprofileuAapI0"
Can't find symbol 'eglSwapBuffersWithDamageEXT'.
JavaScript error: resource://gre/modules/XULStore.jsm, line 66: Error: Can't find profile directory.
console.warn: SearchSettings: "get: No settings file exists, new profile?" (new Error("", "(unknown module)"))
1605362722906	Marionette	INFO	Listening on port 51711
1605362723274	Marionette	WARN	TLS certificate errors will be ignored for this session
1605362735857	Marionette	INFO	Stopped listening on port 51711
[Parent 16716, Gecko_IOThread] WARNING: file /builds/worker/checkouts/gecko/ipc/chromium/src/base/process_util_win.cc, line 166

###!!! [Child][RunMessage] Error: Channel closing: too late to send/recv, messages will be lost


###!!! [Child][MessageChannel::SendAndWait] Error: Channel error: cannot send/recv

1605362781493	geckodriver	INFO	Listening on 127.0.0.1:51791
1605362784527	mozrunner::runner	INFO	Running command: "C:\\Program Files\\Mozilla Firefox\\firefox.exe" "--marionette" "-foreground" "-no-remote" "-profile" "C:\\Users\\sam\\AppData\\Local\\Temp\\rust_mozprofile37Q5My"
Can't find symbol 'eglSwapBuffersWithDamageEXT'.
JavaScript error: resource://gre/modules/XULStore.jsm, line 66: Error: Can't find profile directory.
console.warn: SearchSettings: "get: No settings file exists, new profile?" (new Error("", "(unknown module)"))
1605362786421	Marionette	INFO	Listening on port 51800
1605362786591	Marionette	WARN	TLS certificate errors will be ignored for this session
JavaScript error: resource://gre/actors/PictureInPictureChild.jsm, line 150: InvalidStateError: An attempt was made to use an object that is not, or is no longer, usable
JavaScript error: resource://gre/actors/PictureInPictureChild.jsm, line 150: InvalidStateError: An attempt was made to use an object that is not, or is no longer, usable
JavaScript error: resource://gre/actors/PictureInPictureChild.jsm, line 150: InvalidStateError: An attempt was made to use an object that is not, or is no longer, usable
JavaScript error: resource://gre/actors/PictureInPictureChild.jsm, line 150: InvalidStateError: An attempt was made to use an object that is not, or is no longer, usable
JavaScript error: resource://gre/actors/PictureInPictureChild.jsm, line 150: InvalidStateError: An attempt was made to use an object that is not, or is no longer, usable
JavaScript error: resource://gre/actors/PictureInPictureChild.jsm, line 150: InvalidStateError: An attempt was made to use an object that is not, or is no longer, usable
JavaScript error: resource://gre/actors/PictureInPictureChild.jsm, line 150: InvalidStateError: An attempt was made to use an object that is not, or is no longer, usable
JavaScript error: resource://gre/actors/PictureInPictureChild.jsm, line 150: InvalidStateError: An attempt was made to use an object that is not, or is no longer, usable
JavaScript error: chrome://marionette/content/navigate.js, line 213: TypeError: driver.dialogObserver is null
1605362898903	Marionette	INFO	Stopped listening on port 51800

###!!! [Child][RunMessage] Error: Channel closing: too late to send/recv, messages will be lost


###!!! [Child][MessageChannel::SendAndWait] Error: Channel error: cannot send/recv

